[debug] [2025-04-08T07:10:46.578Z] ----------------------------------------------------------------------
[debug] [2025-04-08T07:10:46.581Z] Command:       C:\Program Files\nodejs\node.exe C:\Users\usama\AppData\Roaming\npm\node_modules\firebase-tools\lib\bin\firebase.js init hosting
[debug] [2025-04-08T07:10:46.582Z] CLI Version:   14.1.0
[debug] [2025-04-08T07:10:46.582Z] Platform:      win32
[debug] [2025-04-08T07:10:46.582Z] Node Version:  v22.13.0
[debug] [2025-04-08T07:10:46.583Z] Time:          Tue Apr 08 2025 10:10:46 GMT+0300 (Arabian Standard Time)
[debug] [2025-04-08T07:10:46.583Z] ----------------------------------------------------------------------
[debug] 
[debug] [2025-04-08T07:10:46.592Z] > command requires scopes: ["email","openid","https://www.googleapis.com/auth/cloudplatformprojects.readonly","https://www.googleapis.com/auth/firebase","https://www.googleapis.com/auth/cloud-platform"]
[debug] [2025-04-08T07:10:46.593Z] > authorizing via signed-in user (usamaabubakr2210@gmail.com)
[info] 
     ######## #### ########  ######## ########     ###     ######  ########
     ##        ##  ##     ## ##       ##     ##  ##   ##  ##       ##
     ######    ##  ########  ######   ########  #########  ######  ######
     ##        ##  ##    ##  ##       ##     ## ##     ##       ## ##
     ##       #### ##     ## ######## ########  ##     ##  ######  ########

You're about to initialize a Firebase project in this directory:

  C:\Users\usama\brother_safe

[info] 
=== Project Setup
[info] 
[info] First, let's associate this project directory with a Firebase project.
[info] You can create multiple project aliases by running firebase use --add, 
[info] but for now we'll just set up a default project.
[info] 
[debug] [2025-04-08T07:10:57.983Z] Checked if tokens are valid: false, expires at: 1718372179965
[debug] [2025-04-08T07:10:57.984Z] Checked if tokens are valid: false, expires at: 1718372179965
[debug] [2025-04-08T07:10:57.984Z] > refreshing access token with scopes: []
[debug] [2025-04-08T07:10:57.988Z] >>> [apiv2][query] POST https://www.googleapis.com/oauth2/v3/token [none]
[debug] [2025-04-08T07:10:57.988Z] >>> [apiv2][body] POST https://www.googleapis.com/oauth2/v3/token [omitted]
[debug] [2025-04-08T07:10:58.645Z] <<< [apiv2][status] POST https://www.googleapis.com/oauth2/v3/token 400
[debug] [2025-04-08T07:10:58.645Z] <<< [apiv2][body] POST https://www.googleapis.com/oauth2/v3/token [omitted]
[debug] [2025-04-08T07:10:58.646Z] >>> [apiv2][query] GET https://firebase.googleapis.com/v1beta1/projects pageSize=100
[debug] [2025-04-08T07:10:59.145Z] <<< [apiv2][status] GET https://firebase.googleapis.com/v1beta1/projects 401
[debug] [2025-04-08T07:10:59.145Z] <<< [apiv2][body] GET https://firebase.googleapis.com/v1beta1/projects [omitted]
[debug] [2025-04-08T07:10:59.145Z] Got a 401 Unauthenticated error for a call that required authentication. Refreshing tokens.
[debug] [2025-04-08T07:10:59.145Z] Checked if tokens are valid: false, expires at: 1718372179965
[debug] [2025-04-08T07:10:59.145Z] Checked if tokens are valid: false, expires at: 1718372179965
[debug] [2025-04-08T07:10:59.146Z] > refreshing access token with scopes: []
[debug] [2025-04-08T07:10:59.147Z] >>> [apiv2][query] POST https://www.googleapis.com/oauth2/v3/token [none]
[debug] [2025-04-08T07:10:59.147Z] >>> [apiv2][body] POST https://www.googleapis.com/oauth2/v3/token [omitted]
[debug] [2025-04-08T07:10:59.960Z] <<< [apiv2][status] POST https://www.googleapis.com/oauth2/v3/token 400
[debug] [2025-04-08T07:10:59.960Z] <<< [apiv2][body] POST https://www.googleapis.com/oauth2/v3/token [omitted]
[debug] [2025-04-08T07:10:59.963Z] Request to https://firebase.googleapis.com/v1beta1/projects?pageSize=100 had HTTP Error: 401, Request had invalid authentication credentials. Expected OAuth 2 access token, login cookie or other valid authentication credential. See https://developers.google.com/identity/sign-in/web/devconsole-project.
[debug] [2025-04-08T07:11:00.468Z] FirebaseError: Request to https://firebase.googleapis.com/v1beta1/projects?pageSize=100 had HTTP Error: 401, Request had invalid authentication credentials. Expected OAuth 2 access token, login cookie or other valid authentication credential. See https://developers.google.com/identity/sign-in/web/devconsole-project.
    at responseToError (C:\Users\usama\AppData\Roaming\npm\node_modules\firebase-tools\lib\responseToError.js:52:12)
    at RetryOperation._fn (C:\Users\usama\AppData\Roaming\npm\node_modules\firebase-tools\lib\apiv2.js:312:77)
    at process.processTicksAndRejections (node:internal/process/task_queues:105:5)
[error] 
[error] Error: Failed to list Firebase projects. See firebase-debug.log for more info.
[debug] [2025-04-08T07:14:16.755Z] ----------------------------------------------------------------------
[debug] [2025-04-08T07:14:16.761Z] Command:       C:\Program Files\nodejs\node.exe C:\Users\usama\AppData\Roaming\npm\node_modules\firebase-tools\lib\bin\firebase.js init hosting
[debug] [2025-04-08T07:14:16.762Z] CLI Version:   14.1.0
[debug] [2025-04-08T07:14:16.762Z] Platform:      win32
[debug] [2025-04-08T07:14:16.762Z] Node Version:  v22.13.0
[debug] [2025-04-08T07:14:16.763Z] Time:          Tue Apr 08 2025 10:14:16 GMT+0300 (Arabian Standard Time)
[debug] [2025-04-08T07:14:16.763Z] ----------------------------------------------------------------------
[debug] 
[debug] [2025-04-08T07:14:16.779Z] > command requires scopes: ["email","openid","https://www.googleapis.com/auth/cloudplatformprojects.readonly","https://www.googleapis.com/auth/firebase","https://www.googleapis.com/auth/cloud-platform"]
[debug] [2025-04-08T07:14:16.780Z] > authorizing via signed-in user (usamaabubakr2210@gmail.com)
[info] 
     ######## #### ########  ######## ########     ###     ######  ########
     ##        ##  ##     ## ##       ##     ##  ##   ##  ##       ##
     ######    ##  ########  ######   ########  #########  ######  ######
     ##        ##  ##    ##  ##       ##     ## ##     ##       ## ##
     ##       #### ##     ## ######## ########  ##     ##  ######  ########

You're about to initialize a Firebase project in this directory:

  C:\Users\usama\brother_safe

[info] 
=== Project Setup
[info] 
[info] First, let's associate this project directory with a Firebase project.
[info] You can create multiple project aliases by running firebase use --add, 
[info] but for now we'll just set up a default project.
[info] 
[debug] [2025-04-08T07:14:36.323Z] Checked if tokens are valid: false, expires at: 1718372179965
[debug] [2025-04-08T07:14:36.323Z] Checked if tokens are valid: false, expires at: 1718372179965
[debug] [2025-04-08T07:14:36.324Z] > refreshing access token with scopes: []
[debug] [2025-04-08T07:14:36.327Z] >>> [apiv2][query] POST https://www.googleapis.com/oauth2/v3/token [none]
[debug] [2025-04-08T07:14:36.327Z] >>> [apiv2][body] POST https://www.googleapis.com/oauth2/v3/token [omitted]
[debug] [2025-04-08T07:14:36.965Z] <<< [apiv2][status] POST https://www.googleapis.com/oauth2/v3/token 400
[debug] [2025-04-08T07:14:36.965Z] <<< [apiv2][body] POST https://www.googleapis.com/oauth2/v3/token [omitted]
[debug] [2025-04-08T07:14:36.966Z] >>> [apiv2][query] GET https://firebase.googleapis.com/v1beta1/availableProjects pageSize=100
[debug] [2025-04-08T07:14:37.471Z] <<< [apiv2][status] GET https://firebase.googleapis.com/v1beta1/availableProjects 401
[debug] [2025-04-08T07:14:37.471Z] <<< [apiv2][body] GET https://firebase.googleapis.com/v1beta1/availableProjects [omitted]
[debug] [2025-04-08T07:14:37.471Z] Got a 401 Unauthenticated error for a call that required authentication. Refreshing tokens.
[debug] [2025-04-08T07:14:37.472Z] Checked if tokens are valid: false, expires at: 1718372179965
[debug] [2025-04-08T07:14:37.472Z] Checked if tokens are valid: false, expires at: 1718372179965
[debug] [2025-04-08T07:14:37.472Z] > refreshing access token with scopes: []
[debug] [2025-04-08T07:14:37.473Z] >>> [apiv2][query] POST https://www.googleapis.com/oauth2/v3/token [none]
[debug] [2025-04-08T07:14:37.473Z] >>> [apiv2][body] POST https://www.googleapis.com/oauth2/v3/token [omitted]
[debug] [2025-04-08T07:14:37.665Z] <<< [apiv2][status] POST https://www.googleapis.com/oauth2/v3/token 400
[debug] [2025-04-08T07:14:37.665Z] <<< [apiv2][body] POST https://www.googleapis.com/oauth2/v3/token [omitted]
[debug] [2025-04-08T07:14:37.667Z] Request to https://firebase.googleapis.com/v1beta1/availableProjects?pageSize=100 had HTTP Error: 401, Request had invalid authentication credentials. Expected OAuth 2 access token, login cookie or other valid authentication credential. See https://developers.google.com/identity/sign-in/web/devconsole-project.
[debug] [2025-04-08T07:14:38.167Z] FirebaseError: Request to https://firebase.googleapis.com/v1beta1/availableProjects?pageSize=100 had HTTP Error: 401, Request had invalid authentication credentials. Expected OAuth 2 access token, login cookie or other valid authentication credential. See https://developers.google.com/identity/sign-in/web/devconsole-project.
    at responseToError (C:\Users\usama\AppData\Roaming\npm\node_modules\firebase-tools\lib\responseToError.js:52:12)
    at RetryOperation._fn (C:\Users\usama\AppData\Roaming\npm\node_modules\firebase-tools\lib\apiv2.js:312:77)
    at process.processTicksAndRejections (node:internal/process/task_queues:105:5)
[error] 
[error] Error: Failed to list available Google Cloud Platform projects. See firebase-debug.log for more info.
